<?xml version="1.0" encoding="UTF-8"?>
<!-- Generated by org.testng.reporters.JUnitReportReporter -->
<testsuite hostname="HEMANTHRAJP" failures="0" tests="1" name="utilities.BaseFunction" time="1.225" errors="0" timestamp="2025-08-04T17:09:51 IST" skipped="0">
  <testcase classname="utilities.BaseFunction" name="takeScreenshot" time="1.225"/>
</testsuite> <!-- utilities.BaseFunction -->
