<?xml version="1.0" encoding="UTF-8"?>
<!-- Generated by org.testng.reporters.JUnitReportReporter -->
<testsuite hostname="HEMANTHRAJP" failures="0" tests="5" name="scenario01.OrangeHRM" time="37.721" errors="0" timestamp="2025-08-04T23:23:35 IST" skipped="0">
  <testcase classname="scenario01.OrangeHRM" name="OrangeHRM_Login" time="15.332"/>
  <testcase classname="scenario01.OrangeHRM" name="OrangeHRM_Login" time="5.639"/>
  <testcase classname="scenario01.OrangeHRM" name="OrangeHRM_Login" time="5.567"/>
  <testcase classname="scenario01.OrangeHRM" name="OrangeHRM_Login" time="5.571"/>
  <testcase classname="scenario01.OrangeHRM" name="OrangeHRM_Login" time="5.612"/>
</testsuite> <!-- scenario01.OrangeHRM -->
