<?xml version="1.0" encoding="UTF-8"?>
<!-- Generated by org.testng.reporters.JUnitReportReporter -->
<testsuite hostname="HEMANTHRAJP" failures="0" tests="1" name="scenario_2.LoginTest" time="4.012" errors="0" timestamp="2025-08-07T15:00:39 IST" skipped="0">
  <testcase classname="scenario_2.LoginTest" name="testLogin" time="4.012"/>
</testsuite> <!-- scenario_2.LoginTest -->
