<?xml version="1.0" encoding="UTF-8"?>
<!-- Generated by org.testng.reporters.JUnitReportReporter -->
<testsuite hostname="HEMANTHRAJP" failures="0" tests="1" name="scenario_2.AdminPage" time="38.468" errors="0" timestamp="2025-08-06T00:01:51 IST" skipped="0">
  <testcase classname="scenario_2.AdminPage" name="test" time="38.468"/>
</testsuite> <!-- scenario_2.AdminPage -->
