<?xml version="1.0" encoding="UTF-8"?>
<!-- Generated by org.testng.reporters.JUnitReportReporter -->
<testsuite hostname="HEMANTHRAJP" failures="0" tests="1" name="scenario_2.AdminTest" time="13.613" errors="0" timestamp="2025-08-08T01:38:50 IST" skipped="0">
  <testcase classname="scenario_2.AdminTest" name="searchEmployee" time="13.613"/>
</testsuite> <!-- scenario_2.AdminTest -->
