<?xml version="1.0" encoding="UTF-8"?>
<!-- Generated by org.testng.reporters.JUnitReportReporter -->
<testsuite hostname="HEMANTHRAJP" failures="0" tests="10" name="telecomProject.TelecomTestCases" time="16.918" errors="0" timestamp="2025-07-31T16:02:44 IST" skipped="0">
  <testcase classname="telecomProject.TelecomTestCases" name="addNewUser" time="3.815"/>
  <system-out/>
  <testcase classname="telecomProject.TelecomTestCases" name="getUserProfile" time="1.473"/>
  <system-out/>
  <testcase classname="telecomProject.TelecomTestCases" name="updateUser" time="1.467"/>
  <system-out/>
  <testcase classname="telecomProject.TelecomTestCases" name="logInUser" time="1.488"/>
  <system-out/>
  <testcase classname="telecomProject.TelecomTestCases" name="addContact" time="1.421"/>
  <system-out/>
  <testcase classname="telecomProject.TelecomTestCases" name="getContactList" time="1.485"/>
  <system-out/>
  <testcase classname="telecomProject.TelecomTestCases" name="getContact" time="1.469"/>
  <system-out/>
  <testcase classname="telecomProject.TelecomTestCases" name="updateContact" time="1.487"/>
  <system-out/>
  <testcase classname="telecomProject.TelecomTestCases" name="updateContact1" time="1.418"/>
  <system-out/>
  <testcase classname="telecomProject.TelecomTestCases" name="logoutUser" time="1.395"/>
  <system-out/>
</testsuite> <!-- telecomProject.TelecomTestCases -->
