<?xml version="1.0" encoding="UTF-8"?>
<!-- Generated by org.testng.reporters.JUnitReportReporter -->
<testsuite hostname="HEMANTHRAJP" failures="0" tests="2" name="tests.CheckoutTest" time="3.836" errors="0" timestamp="2025-08-11T22:55:16 IST" skipped="0">
  <testcase classname="tests.CheckoutTest" name="checkOutWithNoItems" time="0.154"/>
  <testcase classname="tests.CheckoutTest" name="properCheckOut" time="3.682"/>
</testsuite> <!-- tests.CheckoutTest -->
