<?xml version="1.0" encoding="UTF-8"?>
<!-- Generated by org.testng.reporters.JUnitReportReporter -->
<testsuite hostname="HEMANTHRAJP" failures="0" tests="3" name="tests.LoginTest" time="4.285" errors="0" timestamp="2025-08-11T22:55:16 IST" skipped="0">
  <testcase classname="tests.LoginTest" name="loginWithNoCredentials" time="2.376"/>
  <testcase classname="tests.LoginTest" name="loginWithInvalidCredentials" time="1.427"/>
  <testcase classname="tests.LoginTest" name="loginWithValidCredentials" time="0.482"/>
</testsuite> <!-- tests.LoginTest -->
