<?xml version="1.0" encoding="UTF-8"?>
<!-- Generated by org.testng.reporters.JUnitReportReporter -->
<testsuite hostname="HEMANTHRAJP" failures="0" tests="3" name="tests.AddToCartTest" time="15.424" errors="0" timestamp="2025-08-11T22:55:16 IST" skipped="0">
  <testcase classname="tests.AddToCartTest" name="addSingleItem" time="4.788"/>
  <testcase classname="tests.AddToCartTest" name="addMultipleItems" time="9.430"/>
  <testcase classname="tests.AddToCartTest" name="removeItems" time="1.206"/>
</testsuite> <!-- tests.AddToCartTest -->
